C51 COMPILER V9.52.0.0   TEMP                                                              10/14/2022 11:59:57 PAGE 1   


C51 COMPILER V9.52.0.0, COMPILATION OF MODULE TEMP
OBJECT MODULE PLACED IN temp.OBJ
COMPILER INVOKED BY: D:\keil4\keil_MDK\C51\BIN\C51.EXE temp.c OPTIMIZE(8,SPEED) BROWSE DEBUG OBJECTEXTEND TABS(2)

line level    source

   1          #include"temp.h"
   2          extern uchar Tem,Hum;
   3          void DHT11_delay_us(uchar n)
   4          {
   5   1          while(--n);
   6   1      }
   7          
   8          void DHT11_delay_ms(uint z)
   9          {
  10   1         uint i,j;
  11   1         for(i=z;i>0;i--)
  12   1            for(j=110;j>0;j--);
  13   1      }
  14          
  15          void DHT11_start()
  16          {
  17   1         Data=1;
  18   1         DHT11_delay_us(2);
  19   1         Data=0;
  20   1         DHT11_delay_ms(30);   //延时18ms以上
  21   1         Data=1;
  22   1         DHT11_delay_us(30);
  23   1      }
  24          
  25          uchar DHT11_rec_byte()      //接收一个字节
  26          {
  27   1         uchar i,dat=0;
  28   1        for(i=0;i<8;i++)    //从高到低依次接收8位数据
  29   1         {          
  30   2            while(!Data);   ////等待50us低电平过去
  31   2            DHT11_delay_us(8);     //延时60us，如果还为高则数据为1，否则为0 
  32   2            dat<<=1;           //移位使正确接收8位数据，数据为0时直接移位
  33   2            if(Data==1)    //数据为1时，使dat加1来接收数据1
  34   2               dat+=1;
  35   2            while(Data);  //等待数据线拉低    
  36   2          }  
  37   1          return dat;
  38   1      }
  39          
  40          void DHT11_receive()      //接收40位的数据
  41          {
  42   1          uchar R_H,R_L,T_H,T_L,RH,RL,TH,TL,revise; 
  43   1          DHT11_start();
  44   1          if(Data==0)
  45   1          {
  46   2              while(Data==0);   //等待拉高     
  47   2              DHT11_delay_us(40);  //拉高后延时80us
  48   2              R_H=DHT11_rec_byte();    //接收湿度高八位  
  49   2              R_L=DHT11_rec_byte();    //接收湿度低八位  
  50   2              T_H=DHT11_rec_byte();    //接收温度高八位  
  51   2              T_L=DHT11_rec_byte();    //接收温度低八位
  52   2              revise=DHT11_rec_byte(); //接收校正位
  53   2      
  54   2              DHT11_delay_us(25);    //结束
  55   2      
C51 COMPILER V9.52.0.0   TEMP                                                              10/14/2022 11:59:57 PAGE 2   

  56   2              if((R_H+R_L+T_H+T_L)==revise)      //校正
  57   2              {
  58   3                  RH=R_H;
  59   3                  RL=R_L;
  60   3                  TH=T_H;
  61   3                  TL=T_L;
  62   3              } 
  63   2          Tem = TH;
  64   2          Hum = RH;
  65   2             
  66   2          }
  67   1      }


MODULE INFORMATION:   STATIC OVERLAYABLE
   CODE SIZE        =    181    ----
   CONSTANT SIZE    =   ----    ----
   XDATA SIZE       =   ----    ----
   PDATA SIZE       =   ----    ----
   DATA SIZE        =   ----       6
   IDATA SIZE       =   ----    ----
   BIT SIZE         =   ----    ----
END OF MODULE INFORMATION.


C51 COMPILATION COMPLETE.  0 WARNING(S),  0 ERROR(S)
